{"C:\\Users\\HP\\Desktop\\job-search\\src\\components\\JobResults\\JobListing.vue": {"path":"C:\\Users\\HP\\Desktop\\job-search\\src\\components\\JobResults\\JobListing.vue","statementMap":{"0":{"start":{"line":51,"column":15},"end":{"line":51,"column":null}},"1":{"start":{"line":61,"column":6},"end":{"line":61,"column":14}}},"fnMap":{"0":{"name":"(anonymous_0)","decl":{"start":{"line":60,"column":4},"end":{"line":60,"column":15}},"loc":{"start":{"line":60,"column":18},"end":{"line":62,"column":null}}}},"branchMap":{},"s":{"0":1,"1":0},"f":{"0":0},"b":{}}
}
