{"C:\\Users\\HP\\Desktop\\job-search\\src\\components\\Shared\\TextInput.vue": {"path":"C:\\Users\\HP\\Desktop\\job-search\\src\\components\\Shared\\TextInput.vue","statementMap":{"0":{"start":{"line":11,"column":15},"end":{"line":11,"column":null}},"1":{"start":{"line":27,"column":6},"end":{"line":27,"column":11}}},"fnMap":{"0":{"name":"(anonymous_0)","decl":{"start":{"line":26,"column":4},"end":{"line":26,"column":15}},"loc":{"start":{"line":26,"column":24},"end":{"line":28,"column":null}}}},"branchMap":{},"s":{"0":1,"1":3},"f":{"0":3},"b":{}}
}
